OnlinePK-Android/biz-video-group/build/intermediates/manifest_merge_blame_file/debug/manifest-merger-blame-debug-report.txt
1<?xml version="1.0" encoding="utf-8"?>
2<manifest xmlns:android="http://schemas.android.com/apk/res/android"
3    package="com.netease.biz_video_group"
4    android:versionCode="1"
5    android:versionName="1.0" >
6
7    <uses-sdk
8        android:minSdkVersion="19"
8-->src/main/AndroidManifest.xml
9        android:targetSdkVersion="30" />
9-->src/main/AndroidManifest.xml
10
11    <application>
11-->src/main/AndroidManifest.xml:5:5-15:19
12        <activity
12-->src/main/AndroidManifest.xml:6:9-9:66
13            android:name="com.netease.biz_video_group.yunxin.voideoGroup.ui.VideoRoomSetActivity"
13-->src/main/AndroidManifest.xml:7:13-71
14            android:screenOrientation="portrait"
14-->src/main/AndroidManifest.xml:8:13-49
15            android:theme="@style/Theme.AppCompat.NoActionBar" />
15-->src/main/AndroidManifest.xml:9:13-63
16        <activity
16-->src/main/AndroidManifest.xml:11:9-14:66
17            android:name="com.netease.biz_video_group.yunxin.voideoGroup.ui.VideoMeetingRoomActivity"
17-->src/main/AndroidManifest.xml:12:13-75
18            android:screenOrientation="portrait"
18-->src/main/AndroidManifest.xml:13:13-49
19            android:theme="@style/Theme.AppCompat.NoActionBar" />
19-->src/main/AndroidManifest.xml:14:13-63
20    </application>
21
22</manifest>